*** Using Compiler 'V6.23', folder: 'C:\Users\23642\AppData\Local\Keil_v5\ARM\ARMCLANG\Bin'
Build target 'Firmware'
compiling main.c...
compiling usart.c...
compiling stm32f1xx_hal_msp.c...
assembling startup_stm32f103xb.s...
compiling stm32f1xx_hal_rcc_ex.c...
compiling stm32f1xx_hal_gpio_ex.c...
compiling stm32f1xx_it.c...
compiling stm32f1xx_hal_exti.c...
compiling stm32f1xx_hal_cortex.c...
compiling system_stm32f1xx.c...
compiling gpio.c...
compiling stm32f1xx_hal.c...
compiling stm32f1xx_hal_pwr.c...
compiling stm32f1xx_hal_gpio.c...
compiling stm32f1xx_hal_flash_ex.c...
compiling stm32f1xx_hal_rcc.c...
compiling stm32f1xx_hal_flash.c...
compiling stm32f1xx_hal_dma.c...
compiling stm32f1xx_hal_uart.c...
linking...
Program Size: Code=4010 RO-data=310 RW-data=12 ZI-data=1860  
FromELF: creating hex file...
"Firmware\Firmware.axf" - 0 Error(s), 0 Warning(s).
Build Time Elapsed:  00:00:02
